<?xml version="1.0" encoding="UTF-8"?>
<testng-results skipped="0" failed="0" ignored="0" total="1" passed="1">
  <reporter-output>
  </reporter-output>
  <suite name="Suite" duration-ms="34080" started-at="2017-03-14T15:15:36Z" finished-at="2017-03-14T15:16:10Z">
    <groups>
    </groups>
    <test name="Test" duration-ms="34080" started-at="2017-03-14T15:15:36Z" finished-at="2017-03-14T15:16:10Z">
      <class name="selebee.poc.SelebeeTest">
        <test-method status="PASS" signature="test1()[pri:0, instance:selebee.poc.SelebeeTest@79be0360]" name="test1" duration-ms="34026" started-at="2017-03-14T20:45:36Z" finished-at="2017-03-14T20:46:10Z">
          <reporter-output>
          </reporter-output>
        </test-method> <!-- test1 -->
        <test-method status="PASS" signature="teardown()[pri:0, instance:selebee.poc.SelebeeTest@79be0360]" name="teardown" is-config="true" duration-ms="5635" started-at="2017-03-14T20:46:11Z" finished-at="2017-03-14T20:46:17Z">
          <reporter-output>
          </reporter-output>
        </test-method> <!-- teardown -->
      </class> <!-- selebee.poc.SelebeeTest -->
    </test> <!-- Test -->
  </suite> <!-- Suite -->
</testng-results>
